  Main.cpp
C:\Users\Bumstern_Inc\source\repos\PurpleRain\PurpleRain\Main.cpp(32,40): warning C4244:  =: преобразование "int" в "T", возможна потеря данных
C:\Users\Bumstern_Inc\source\repos\PurpleRain\PurpleRain\Main.cpp(32,40): warning C4244:         with
C:\Users\Bumstern_Inc\source\repos\PurpleRain\PurpleRain\Main.cpp(32,40): warning C4244:         [
C:\Users\Bumstern_Inc\source\repos\PurpleRain\PurpleRain\Main.cpp(32,40): warning C4244:             T=float
C:\Users\Bumstern_Inc\source\repos\PurpleRain\PurpleRain\Main.cpp(32,40): warning C4244:         ]
C:\Users\Bumstern_Inc\source\repos\PurpleRain\PurpleRain\Main.cpp(33,20): warning C4244:  =: преобразование "int" в "T", возможна потеря данных
C:\Users\Bumstern_Inc\source\repos\PurpleRain\PurpleRain\Main.cpp(33,20): warning C4244:         with
C:\Users\Bumstern_Inc\source\repos\PurpleRain\PurpleRain\Main.cpp(33,20): warning C4244:         [
C:\Users\Bumstern_Inc\source\repos\PurpleRain\PurpleRain\Main.cpp(33,20): warning C4244:             T=float
C:\Users\Bumstern_Inc\source\repos\PurpleRain\PurpleRain\Main.cpp(33,20): warning C4244:         ]
C:\Users\Bumstern_Inc\source\repos\PurpleRain\PurpleRain\Main.cpp(39,27): warning C4244:  =: преобразование "int" в "float", возможна потеря данных
C:\Users\Bumstern_Inc\source\repos\PurpleRain\PurpleRain\Main.cpp(43,27): warning C4244:  =: преобразование "int" в "float", возможна потеря данных
C:\Users\Bumstern_Inc\source\repos\PurpleRain\PurpleRain\Main.cpp(65,44): warning C4244:  аргумент: преобразование "int" в "T", возможна потеря данных
C:\Users\Bumstern_Inc\source\repos\PurpleRain\PurpleRain\Main.cpp(65,44): warning C4244:         with
C:\Users\Bumstern_Inc\source\repos\PurpleRain\PurpleRain\Main.cpp(65,44): warning C4244:         [
C:\Users\Bumstern_Inc\source\repos\PurpleRain\PurpleRain\Main.cpp(65,44): warning C4244:             T=float
C:\Users\Bumstern_Inc\source\repos\PurpleRain\PurpleRain\Main.cpp(65,44): warning C4244:         ]
C:\Users\Bumstern_Inc\source\repos\PurpleRain\PurpleRain\Main.cpp(65,33): warning C4244:  аргумент: преобразование "int" в "T", возможна потеря данных
C:\Users\Bumstern_Inc\source\repos\PurpleRain\PurpleRain\Main.cpp(65,33): warning C4244:         with
C:\Users\Bumstern_Inc\source\repos\PurpleRain\PurpleRain\Main.cpp(65,33): warning C4244:         [
C:\Users\Bumstern_Inc\source\repos\PurpleRain\PurpleRain\Main.cpp(65,33): warning C4244:             T=float
C:\Users\Bumstern_Inc\source\repos\PurpleRain\PurpleRain\Main.cpp(65,33): warning C4244:         ]
C:\Users\Bumstern_Inc\source\repos\PurpleRain\PurpleRain\Main.cpp(68,22): warning C4244:  =: преобразование "int" в "T", возможна потеря данных
C:\Users\Bumstern_Inc\source\repos\PurpleRain\PurpleRain\Main.cpp(68,22): warning C4244:         with
C:\Users\Bumstern_Inc\source\repos\PurpleRain\PurpleRain\Main.cpp(68,22): warning C4244:         [
C:\Users\Bumstern_Inc\source\repos\PurpleRain\PurpleRain\Main.cpp(68,22): warning C4244:             T=float
C:\Users\Bumstern_Inc\source\repos\PurpleRain\PurpleRain\Main.cpp(68,22): warning C4244:         ]
C:\Users\Bumstern_Inc\source\repos\PurpleRain\PurpleRain\Main.cpp(69,42): warning C4244:  =: преобразование "int" в "T", возможна потеря данных
C:\Users\Bumstern_Inc\source\repos\PurpleRain\PurpleRain\Main.cpp(69,42): warning C4244:         with
C:\Users\Bumstern_Inc\source\repos\PurpleRain\PurpleRain\Main.cpp(69,42): warning C4244:         [
C:\Users\Bumstern_Inc\source\repos\PurpleRain\PurpleRain\Main.cpp(69,42): warning C4244:             T=float
C:\Users\Bumstern_Inc\source\repos\PurpleRain\PurpleRain\Main.cpp(69,42): warning C4244:         ]
  Создание кода
  0 of 8 functions ( 0.0%) were compiled, the rest were copied from previous compilation.
    0 functions were new in current compilation
    0 functions had inline decision re-evaluated but remain unchanged
  Создание кода завершено
  PurpleRain.vcxproj -> C:\Users\Bumstern_Inc\source\repos\PurpleRain\x64\Release\PurpleRain.exe
